0 info it worked if it ends with ok
1 verbose cli [ 'node', '/usr/local/bin/npm', 'run', 'server' ]
2 info using npm@1.2.18
3 info using node@v0.10.5
4 verbose read json /Users/craig/Desktop/mojo-starter/package.json
5 warn package.json app-name@0.0.0 scripts['server'] should probably be scripts['start']
6 verbose run-script [ 'preserver', 'server', 'postserver' ]
7 info preserver app-name@0.0.0
8 info server app-name@0.0.0
9 verbose unsafe-perm in lifecycle true
10 silly exec sh "-c" "node scripts/server"
11 silly sh,-c,node scripts/server,/Users/craig/Desktop/mojo-starter spawning
12 info app-name@0.0.0 Failed to exec server script
13 error app-name@0.0.0 server: `node scripts/server`
13 error `sh "-c" "node scripts/server"` failed with 8
14 error Failed at the app-name@0.0.0 server script.
14 error This is most likely a problem with the app-name package,
14 error not with npm itself.
14 error Tell the author that this fails on your system:
14 error     node scripts/server
14 error You can get their info via:
14 error     npm owner ls app-name
14 error There is likely additional logging output above.
15 error System Darwin 12.5.0
16 error command "node" "/usr/local/bin/npm" "run" "server"
17 error cwd /Users/craig/Desktop/mojo-starter
18 error node -v v0.10.5
19 error npm -v 1.2.18
20 error code ELIFECYCLE
21 verbose exit [ 1, true ]
